project.clj
app.json
gitattributes
images/cljs@3x.png
images/cljs@2x.png
images/cljs.png
index.js
ios/Project-tvOS/Info.plist
ios/Project-tvOSTests/Info.plist
ios/Project/AppDelegate.h
ios/Project/Base.lproj/LaunchScreen.xib
ios/Project/main.m
ios/Project/Images.xcassets/AppIcon.appiconset/Contents.json
ios/Project/Images.xcassets/Contents.json
ios/Project/AppDelegate.m
ios/Project/Info.plist
ios/ProjectTests/ProjectTests.m
ios/ProjectTests/Info.plist
ios/Project.xcodeproj/project.pbxproj
ios/Project.xcodeproj/xcshareddata/xcschemes/Project-tvOS.xcscheme
ios/Project.xcodeproj/xcshareddata/xcschemes/Project.xcscheme
ios/Podfile
ios/Project.xcworkspace/contents.xcworkspacedata
ios/Podfile.lock
README.md
android/app/proguard-rules.pro
android/app/debug.keystore
android/app/BUCK
android/app/build.gradle
android/app/build_defs.bzl
android/app/src/main/res/mipmap-mdpi/ic_launcher.png
android/app/src/main/res/mipmap-mdpi/ic_launcher_round.png
android/app/src/main/res/mipmap-hdpi/ic_launcher.png
android/app/src/main/res/mipmap-hdpi/ic_launcher_round.png
android/app/src/main/res/mipmap-xxxhdpi/ic_launcher.png
android/app/src/main/res/mipmap-xxxhdpi/ic_launcher_round.png
android/app/src/main/res/mipmap-xxhdpi/ic_launcher.png
android/app/src/main/res/mipmap-xxhdpi/ic_launcher_round.png
android/app/src/main/res/values/styles.xml
android/app/src/main/res/values/strings.xml
android/app/src/main/res/mipmap-xhdpi/ic_launcher.png
android/app/src/main/res/mipmap-xhdpi/ic_launcher_round.png
android/app/src/main/AndroidManifest.xml
android/app/src/main/java/com/Project/MainApplication.java
android/app/src/main/java/com/Project/MainActivity.java
android/app/src/debug/AndroidManifest.xml
android/gradle/wrapper/gradle-wrapper.jar
android/gradle/wrapper/gradle-wrapper.properties
android/gradlew
android/build.gradle
android/gradle.properties
android/gradlew.bat
android/settings.gradle
gitignore
src/reagent/dom.cljs
src/reagent/dom/server.cljs
src/Project/subs.cljs
src/Project/db.cljs
src/Project/events.cljs
src/Project/core.cljs
